# JRE version: Java(TM) SE Runtime Environment (7.0_75-b13) (build 1.7.0_75-b13)
# Java VM: Java HotSpot(TM) 64-Bit Server VM (24.75-b04 mixed mode windows-amd64 compressed oops)
Heap
 PSYoungGen      total 203776K, used 150423K [0x00000000eaa80000, 0x00000000ff000000, 0x0000000100000000)
  eden space 196608K, 72% used [0x00000000eaa80000,0x00000000f36696b0,0x00000000f6a80000)
  from space 7168K, 99% used [0x00000000f6a80000,0x00000000f717c6e0,0x00000000f7180000)
  to   space 9216K, 0% used [0x00000000fe700000,0x00000000fe700000,0x00000000ff000000)
 ParOldGen       total 42496K, used 19189K [0x00000000c0000000, 0x00000000c2980000, 0x00000000eaa80000)
  object space 42496K, 45% used [0x00000000c0000000,0x00000000c12bd7a0,0x00000000c2980000)
 PSPermGen       total 29184K, used 28863K [0x00000000b0000000, 0x00000000b1c80000, 0x00000000c0000000)
  object space 29184K, 98% used [0x00000000b0000000,0x00000000b1c2ff28,0x00000000b1c80000)
GC Heap History (10 events):
Event: 9.139 GC heap before
{Heap before GC invocations=7 (full 0):
 PSYoungGen      total 68096K, used 66575K [0x00000000eaa80000, 0x00000000ef480000, 0x0000000100000000)
  eden space 61440K, 100% used [0x00000000eaa80000,0x00000000ee680000,0x00000000ee680000)
  from space 6656K, 77% used [0x00000000eee00000,0x00000000ef303f70,0x00000000ef480000)
  to   space 7168K, 0% used [0x00000000ee680000,0x00000000ee680000,0x00000000eed80000)
 ParOldGen       total 42496K, used 9864K [0x00000000c0000000, 0x00000000c2980000, 0x00000000eaa80000)
  object space 42496K, 23% used [0x00000000c0000000,0x00000000c09a20c8,0x00000000c2980000)
 PSPermGen       total 21504K, used 20551K [0x00000000b0000000, 0x00000000b1500000, 0x00000000c0000000)
  object space 21504K, 95% used [0x00000000b0000000,0x00000000b1411d18,0x00000000b1500000)
Event: 9.150 GC heap after
Heap after GC invocations=7 (full 0):
 PSYoungGen      total 68608K, used 3288K [0x00000000eaa80000, 0x00000000f3080000, 0x0000000100000000)
  eden space 61440K, 0% used [0x00000000eaa80000,0x00000000eaa80000,0x00000000ee680000)
  from space 7168K, 45% used [0x00000000ee680000,0x00000000ee9b60f0,0x00000000eed80000)
  to   space 7168K, 0% used [0x00000000f2980000,0x00000000f2980000,0x00000000f3080000)
 ParOldGen       total 42496K, used 10628K [0x00000000c0000000, 0x00000000c2980000, 0x00000000eaa80000)
  object space 42496K, 25% used [0x00000000c0000000,0x00000000c0a61178,0x00000000c2980000)
 PSPermGen       total 21504K, used 20551K [0x00000000b0000000, 0x00000000b1500000, 0x00000000c0000000)
  object space 21504K, 95% used [0x00000000b0000000,0x00000000b1411d18,0x00000000b1500000)
}
Event: 10.023 GC heap before
{Heap before GC invocations=8 (full 0):
 PSYoungGen      total 68608K, used 64728K [0x00000000eaa80000, 0x00000000f3080000, 0x0000000100000000)
  eden space 61440K, 100% used [0x00000000eaa80000,0x00000000ee680000,0x00000000ee680000)
  from space 7168K, 45% used [0x00000000ee680000,0x00000000ee9b60f0,0x00000000eed80000)
  to   space 7168K, 0% used [0x00000000f2980000,0x00000000f2980000,0x00000000f3080000)
 ParOldGen       total 42496K, used 10628K [0x00000000c0000000, 0x00000000c2980000, 0x00000000eaa80000)
  object space 42496K, 25% used [0x00000000c0000000,0x00000000c0a61178,0x00000000c2980000)
 PSPermGen       total 22528K, used 22498K [0x00000000b0000000, 0x00000000b1600000, 0x00000000c0000000)
  object space 22528K, 99% used [0x00000000b0000000,0x00000000b15f89f8,0x00000000b1600000)
Event: 10.032 GC heap after
Heap after GC invocations=8 (full 0):
 PSYoungGen      total 130048K, used 4872K [0x00000000eaa80000, 0x00000000f3080000, 0x0000000100000000)
  eden space 122880K, 0% used [0x00000000eaa80000,0x00000000eaa80000,0x00000000f2280000)
  from space 7168K, 67% used [0x00000000f2980000,0x00000000f2e42008,0x00000000f3080000)
  to   space 7168K, 0% used [0x00000000f2280000,0x00000000f2280000,0x00000000f2980000)
 ParOldGen       total 42496K, used 11902K [0x00000000c0000000, 0x00000000c2980000, 0x00000000eaa80000)
  object space 42496K, 28% used [0x00000000c0000000,0x00000000c0b9f9f8,0x00000000c2980000)
 PSPermGen       total 22528K, used 22498K [0x00000000b0000000, 0x00000000b1600000, 0x00000000c0000000)
  object space 22528K, 99% used [0x00000000b0000000,0x00000000b15f89f8,0x00000000b1600000)
}
Event: 10.829 GC heap before
{Heap before GC invocations=9 (full 0):
 PSYoungGen      total 130048K, used 127752K [0x00000000eaa80000, 0x00000000f3080000, 0x0000000100000000)
  eden space 122880K, 100% used [0x00000000eaa80000,0x00000000f2280000,0x00000000f2280000)
  from space 7168K, 67% used [0x00000000f2980000,0x00000000f2e42008,0x00000000f3080000)
  to   space 7168K, 0% used [0x00000000f2280000,0x00000000f2280000,0x00000000f2980000)
 ParOldGen       total 42496K, used 11902K [0x00000000c0000000, 0x00000000c2980000, 0x00000000eaa80000)
  object space 42496K, 28% used [0x00000000c0000000,0x00000000c0b9f9f8,0x00000000c2980000)
 PSPermGen       total 23040K, used 22528K [0x00000000b0000000, 0x00000000b1680000, 0x00000000c0000000)
  object space 23040K, 97% used [0x00000000b0000000,0x00000000b1600050,0x00000000b1680000)
Event: 10.837 GC heap after
Heap after GC invocations=9 (full 0):
 PSYoungGen      total 130048K, used 2768K [0x00000000eaa80000, 0x00000000f7880000, 0x0000000100000000)
  eden space 122880K, 0% used [0x00000000eaa80000,0x00000000eaa80000,0x00000000f2280000)
  from space 7168K, 38% used [0x00000000f2280000,0x00000000f2534010,0x00000000f2980000)
  to   space 7168K, 0% used [0x00000000f7180000,0x00000000f7180000,0x00000000f7880000)
 ParOldGen       total 42496K, used 13553K [0x00000000c0000000, 0x00000000c2980000, 0x00000000eaa80000)
  object space 42496K, 31% used [0x00000000c0000000,0x00000000c0d3c790,0x00000000c2980000)
 PSPermGen       total 23040K, used 22528K [0x00000000b0000000, 0x00000000b1680000, 0x00000000c0000000)
  object space 23040K, 97% used [0x00000000b0000000,0x00000000b1600050,0x00000000b1680000)
}
Event: 11.836 GC heap before
{Heap before GC invocations=10 (full 0):
 PSYoungGen      total 130048K, used 125648K [0x00000000eaa80000, 0x00000000f7880000, 0x0000000100000000)
  eden space 122880K, 100% used [0x00000000eaa80000,0x00000000f2280000,0x00000000f2280000)
  from space 7168K, 38% used [0x00000000f2280000,0x00000000f2534010,0x00000000f2980000)
  to   space 7168K, 0% used [0x00000000f7180000,0x00000000f7180000,0x00000000f7880000)
 ParOldGen       total 42496K, used 13553K [0x00000000c0000000, 0x00000000c2980000, 0x00000000eaa80000)
  object space 42496K, 31% used [0x00000000c0000000,0x00000000c0d3c790,0x00000000c2980000)
 PSPermGen       total 23040K, used 23029K [0x00000000b0000000, 0x00000000b1680000, 0x00000000c0000000)
  object space 23040K, 99% used [0x00000000b0000000,0x00000000b167d510,0x00000000b1680000)
Event: 11.873 GC heap after
Heap after GC invocations=10 (full 0):
 PSYoungGen      total 203776K, used 3490K [0x00000000eaa80000, 0x00000000f7880000, 0x0000000100000000)
  eden space 196608K, 0% used [0x00000000eaa80000,0x00000000eaa80000,0x00000000f6a80000)
  from space 7168K, 48% used [0x00000000f7180000,0x00000000f74e8bc8,0x00000000f7880000)
  to   space 7168K, 0% used [0x00000000f6a80000,0x00000000f6a80000,0x00000000f7180000)
 ParOldGen       total 42496K, used 15720K [0x00000000c0000000, 0x00000000c2980000, 0x00000000eaa80000)
  object space 42496K, 36% used [0x00000000c0000000,0x00000000c0f5a3a0,0x00000000c2980000)
 PSPermGen       total 23040K, used 23029K [0x00000000b0000000, 0x00000000b1680000, 0x00000000c0000000)
  object space 23040K, 99% used [0x00000000b0000000,0x00000000b167d510,0x00000000b1680000)
}
Event: 13.941 GC heap before
{Heap before GC invocations=11 (full 0):
 PSYoungGen      total 203776K, used 200098K [0x00000000eaa80000, 0x00000000f7880000, 0x0000000100000000)
  eden space 196608K, 100% used [0x00000000eaa80000,0x00000000f6a80000,0x00000000f6a80000)
  from space 7168K, 48% used [0x00000000f7180000,0x00000000f74e8bc8,0x00000000f7880000)
  to   space 7168K, 0% used [0x00000000f6a80000,0x00000000f6a80000,0x00000000f7180000)
 ParOldGen       total 42496K, used 15720K [0x00000000c0000000, 0x00000000c2980000, 0x00000000eaa80000)
  object space 42496K, 36% used [0x00000000c0000000,0x00000000c0f5a3a0,0x00000000c2980000)
 PSPermGen       total 25600K, used 25452K [0x00000000b0000000, 0x00000000b1900000, 0x00000000c0000000)
  object space 25600K, 99% used [0x00000000b0000000,0x00000000b18db3d8,0x00000000b1900000)
Event: 14.492 GC heap after
Heap after GC invocations=11 (full 0):
 PSYoungGen      total 203776K, used 7153K [0x00000000eaa80000, 0x00000000ff000000, 0x0000000100000000)
  eden space 196608K, 0% used [0x00000000eaa80000,0x00000000eaa80000,0x00000000f6a80000)
  from space 7168K, 99% used [0x00000000f6a80000,0x00000000f717c6e0,0x00000000f7180000)
  to   space 9216K, 0% used [0x00000000fe700000,0x00000000fe700000,0x00000000ff000000)
 ParOldGen       total 42496K, used 19189K [0x00000000c0000000, 0x00000000c2980000, 0x00000000eaa80000)
  object space 42496K, 45% used [0x00000000c0000000,0x00000000c12bd7a0,0x00000000c2980000)
 PSPermGen       total 25600K, used 25452K [0x00000000b0000000, 0x00000000b1900000, 0x00000000c0000000)
  object space 25600K, 99% used [0x00000000b0000000,0x00000000b18db3d8,0x00000000b1900000)
}

